27-Apr-2025 01:55:05.432 INFO [main] org.apache.catalina.core.ApplicationContext.log ContextListener: contextInitialized()
27-Apr-2025 01:55:05.432 INFO [main] org.apache.catalina.core.ApplicationContext.log SessionListener: contextInitialized()
27-Apr-2025 01:55:05.433 INFO [main] org.apache.catalina.core.ApplicationContext.log ContextListener: attributeAdded('StockTicker', 'async.Stockticker@759fad4')
27-Apr-2025 02:00:01.114 INFO [main] org.apache.catalina.core.ApplicationContext.log ContextListener: contextInitialized()
27-Apr-2025 02:00:01.114 INFO [main] org.apache.catalina.core.ApplicationContext.log SessionListener: contextInitialized()
27-Apr-2025 02:00:01.114 INFO [main] org.apache.catalina.core.ApplicationContext.log ContextListener: attributeAdded('StockTicker', 'async.Stockticker@545de5a4')
27-Apr-2025 02:00:01.156 INFO [main] org.apache.catalina.core.ApplicationContext.log SessionListener: contextDestroyed()
27-Apr-2025 02:00:01.156 INFO [main] org.apache.catalina.core.ApplicationContext.log ContextListener: contextDestroyed()
27-Apr-2025 02:06:28.125 INFO [main] org.apache.catalina.core.ApplicationContext.log ContextListener: contextInitialized()
27-Apr-2025 02:06:28.125 INFO [main] org.apache.catalina.core.ApplicationContext.log SessionListener: contextInitialized()
27-Apr-2025 02:06:28.125 INFO [main] org.apache.catalina.core.ApplicationContext.log ContextListener: attributeAdded('StockTicker', 'async.Stockticker@6063d80a')
27-Apr-2025 03:07:21.494 INFO [Catalina-utility-1] org.apache.catalina.core.ApplicationContext.log Marking servlet [JerseyServlet] as unavailable
27-Apr-2025 03:07:21.494 SEVERE [Catalina-utility-1] org.apache.catalina.core.StandardContext.loadOnStartup Servlet [JerseyServlet] in web application [/bookstore-api] threw load() exception
	java.lang.ClassNotFoundException: org.glassfish.jersey.servlet.ServletContainer
		at org.apache.catalina.loader.WebappClassLoaderBase.loadClass(WebappClassLoaderBase.java:1349)
		at org.apache.catalina.loader.WebappClassLoaderBase.loadClass(WebappClassLoaderBase.java:1158)
		at org.apache.catalina.core.DefaultInstanceManager.loadClass(DefaultInstanceManager.java:488)
		at org.apache.catalina.core.DefaultInstanceManager.loadClassMaybePrivileged(DefaultInstanceManager.java:470)
		at org.apache.catalina.core.DefaultInstanceManager.newInstance(DefaultInstanceManager.java:142)
		at org.apache.catalina.core.StandardWrapper.loadServlet(StandardWrapper.java:898)
		at org.apache.catalina.core.StandardWrapper.load(StandardWrapper.java:838)
		at org.apache.catalina.core.StandardContext.loadOnStartup(StandardContext.java:4234)
		at org.apache.catalina.core.StandardContext.startInternal(StandardContext.java:4535)
		at org.apache.catalina.util.LifecycleBase.start(LifecycleBase.java:164)
		at org.apache.catalina.core.StandardContext.reload(StandardContext.java:3266)
		at org.apache.catalina.startup.HostConfig.reload(HostConfig.java:1415)
		at org.apache.catalina.startup.HostConfig.checkResources(HostConfig.java:1390)
		at org.apache.catalina.startup.HostConfig.check(HostConfig.java:1620)
		at org.apache.catalina.startup.HostConfig.lifecycleEvent(HostConfig.java:308)
		at org.apache.catalina.util.LifecycleBase.fireLifecycleEvent(LifecycleBase.java:109)
		at org.apache.catalina.core.ContainerBase.backgroundProcess(ContainerBase.java:973)
		at org.apache.catalina.core.ContainerBase$ContainerBackgroundProcessor.processChildren(ContainerBase.java:1172)
		at org.apache.catalina.core.ContainerBase$ContainerBackgroundProcessor.processChildren(ContainerBase.java:1176)
		at org.apache.catalina.core.ContainerBase$ContainerBackgroundProcessor.run(ContainerBase.java:1154)
		at java.base/java.util.concurrent.Executors$RunnableAdapter.call(Executors.java:572)
		at java.base/java.util.concurrent.FutureTask.runAndReset(FutureTask.java:358)
		at java.base/java.util.concurrent.ScheduledThreadPoolExecutor$ScheduledFutureTask.run(ScheduledThreadPoolExecutor.java:305)
		at java.base/java.util.concurrent.ThreadPoolExecutor.runWorker(ThreadPoolExecutor.java:1144)
		at java.base/java.util.concurrent.ThreadPoolExecutor$Worker.run(ThreadPoolExecutor.java:642)
		at org.apache.tomcat.util.threads.TaskThread$WrappingRunnable.run(TaskThread.java:63)
		at java.base/java.lang.Thread.run(Thread.java:1583)
